<?xml version="1.0" encoding="UTF-8"?>
<testng-results ignored="0" total="4" passed="4" failed="0" skipped="0">
  <reporter-output>
  </reporter-output>
  <suite started-at="2026-07-18T10:10:00 IST" name="Surefire suite" finished-at="2026-07-18T10:10:45 IST" duration-ms="44800">
    <groups>
      <group name="cucumber">
        <method signature="AbstractTestNGCucumberTests.runScenario(io.cucumber.testng.PickleWrapper,io.cucumber.testng.FeatureWrapper)[pri:0, instance:com.employee.automation.runner.TestRunner@1725dc0f]" name="runScenario" class="io.cucumber.testng.AbstractTestNGCucumberTests"/>
      </group> <!-- cucumber -->
    </groups>
    <test started-at="2026-07-18T10:10:00 IST" name="Surefire test" finished-at="2026-07-18T10:10:45 IST" duration-ms="44800">
      <class name="com.employee.automation.runner.TestRunner">
        <test-method is-config="true" signature="setUpClass(org.testng.ITestContext)[pri:0, instance:com.employee.automation.runner.TestRunner@1725dc0f]" started-at="2026-07-18T10:10:00 IST" name="setUpClass" finished-at="2026-07-18T10:10:02 IST" duration-ms="1845" status="PASS">
          <params>
            <param index="0">
              <value>
                <![CDATA[org.testng.TestRunner@708eb310]]>
              </value>
            </param>
          </params>
          <reporter-output>
          </reporter-output>
        </test-method> <!-- setUpClass -->
        <test-method signature="runScenario(io.cucumber.testng.PickleWrapper,io.cucumber.testng.FeatureWrapper)[pri:0, instance:com.employee.automation.runner.TestRunner@1725dc0f]" started-at="2026-07-18T10:10:02 IST" name="runScenario" description="Runs Cucumber Scenarios" data-provider="scenarios" finished-at="2026-07-18T10:10:19 IST" duration-ms="16523" status="PASS">
          <params>
            <param index="0">
              <value>
                <![CDATA["Admin login with valid credentials"]]>
              </value>
            </param>
            <param index="1">
              <value>
                <![CDATA["Employee Management Login Page"]]>
              </value>
            </param>
          </params>
          <reporter-output>
          </reporter-output>
        </test-method> <!-- runScenario -->
        <test-method signature="runScenario(io.cucumber.testng.PickleWrapper,io.cucumber.testng.FeatureWrapper)[pri:0, instance:com.employee.automation.runner.TestRunner@1725dc0f]" started-at="2026-07-18T10:10:19 IST" name="runScenario" description="Runs Cucumber Scenarios" data-provider="scenarios" finished-at="2026-07-18T10:10:30 IST" duration-ms="10694" status="PASS">
          <params>
            <param index="0">
              <value>
                <![CDATA["Employee login with valid credentials"]]>
              </value>
            </param>
            <param index="1">
              <value>
                <![CDATA["Employee Management Login Page"]]>
              </value>
            </param>
          </params>
          <reporter-output>
          </reporter-output>
        </test-method> <!-- runScenario -->
        <test-method signature="runScenario(io.cucumber.testng.PickleWrapper,io.cucumber.testng.FeatureWrapper)[pri:0, instance:com.employee.automation.runner.TestRunner@1725dc0f]" started-at="2026-07-18T10:10:30 IST" name="runScenario" description="Runs Cucumber Scenarios" data-provider="scenarios" finished-at="2026-07-18T10:10:39 IST" duration-ms="9560" status="PASS">
          <params>
            <param index="0">
              <value>
                <![CDATA["Login with invalid credentials"]]>
              </value>
            </param>
            <param index="1">
              <value>
                <![CDATA["Employee Management Login Page"]]>
              </value>
            </param>
          </params>
          <reporter-output>
          </reporter-output>
        </test-method> <!-- runScenario -->
        <test-method signature="runScenario(io.cucumber.testng.PickleWrapper,io.cucumber.testng.FeatureWrapper)[pri:0, instance:com.employee.automation.runner.TestRunner@1725dc0f]" started-at="2026-07-18T10:10:39 IST" name="runScenario" description="Runs Cucumber Scenarios" data-provider="scenarios" finished-at="2026-07-18T10:10:45 IST" duration-ms="5949" status="PASS">
          <params>
            <param index="0">
              <value>
                <![CDATA["Portal selection cards are visible"]]>
              </value>
            </param>
            <param index="1">
              <value>
                <![CDATA["Employee Management Login Page"]]>
              </value>
            </param>
          </params>
          <reporter-output>
          </reporter-output>
        </test-method> <!-- runScenario -->
        <test-method is-config="true" signature="tearDownClass()[pri:0, instance:com.employee.automation.runner.TestRunner@1725dc0f]" started-at="2026-07-18T10:10:45 IST" name="tearDownClass" finished-at="2026-07-18T10:10:45 IST" duration-ms="103" status="PASS">
          <reporter-output>
          </reporter-output>
        </test-method> <!-- tearDownClass -->
      </class> <!-- com.employee.automation.runner.TestRunner -->
    </test> <!-- Surefire test -->
  </suite> <!-- Surefire suite -->
</testng-results>
