<?xml version="1.0" encoding="UTF-8"?>
<!-- Generated by org.testng.reporters.JUnitReportReporter -->
<testsuite hostname="Albert" failures="0" tests="2" name="com.cucumberdemo.runner.TestRunner" time="79.194" errors="0" timestamp="2026-07-18T19:49:39 IST" skipped="0">
  <testcase classname="com.cucumberdemo.runner.TestRunner" name="runScenario" time="50.149"/>
  <testcase classname="com.cucumberdemo.runner.TestRunner" name="runScenario" time="29.045"/>
</testsuite> <!-- com.cucumberdemo.runner.TestRunner -->
