<?xml version="1.0" encoding="UTF-8"?>
<!-- Generated by org.testng.reporters.JUnitReportReporter -->
<testsuite hostname="Albert" failures="0" tests="2" name="com.cucumberdemo.runner.TestRunner" time="23.946" errors="0" timestamp="2026-07-18T10:19:31 IST" skipped="0">
  <testcase classname="com.cucumberdemo.runner.TestRunner" name="runScenario" time="12.775"/>
  <testcase classname="com.cucumberdemo.runner.TestRunner" name="runScenario" time="11.171"/>
</testsuite> <!-- com.cucumberdemo.runner.TestRunner -->
