<?xml version="1.0" encoding="UTF-8"?>
<!-- Generated by org.testng.reporters.JUnitReportReporter -->
<testsuite hostname="Albert" failures="0" tests="4" name="com.employee.automation.runner.TestRunner" time="42.726" errors="0" timestamp="2026-07-18T10:10:46 IST" skipped="0">
  <testcase classname="com.employee.automation.runner.TestRunner" name="runScenario" time="16.523"/>
  <testcase classname="com.employee.automation.runner.TestRunner" name="runScenario" time="5.949"/>
  <testcase classname="com.employee.automation.runner.TestRunner" name="runScenario" time="9.560"/>
  <testcase classname="com.employee.automation.runner.TestRunner" name="runScenario" time="10.694"/>
</testsuite> <!-- com.employee.automation.runner.TestRunner -->
