<?xml version="1.0" encoding="UTF-8"?>
<testsuite xmlns:xsi="http://www.w3.org/2001/XMLSchema-instance" xsi:noNamespaceSchemaLocation="https://maven.apache.org/surefire/maven-surefire-plugin/xsd/surefire-test-report-3.0.xsd" version="3.0" name="com.cucumberdemo.runner.TestRunner" time="81.492" tests="2" errors="0" skipped="0" failures="0">
  <properties>
[...]
</properties>
  <testcase name="runScenario[&quot;Admin logs in and adds a new employee reflecting in the API&quot;, &quot;Employee Management Portal Automation&quot;](1)" classname="com.cucumberdemo.runner.TestRunner" time="50.151">
    <system-out><![CDATA[
@test1
Scenario: Admin logs in and adds a new employee reflecting in the API             # src/test/resources/features/login.feature:10
  Given the user navigates to the login page                                      # com.cucumberdemo.steps.LoginSteps.theUserNavigatesToTheLoginPage()
  When the user clicks on the "Admin Portal" card                                 # com.cucumberdemo.steps.LoginSteps.theUserClicksOnTheCard(java.lang.String)
  And the user enters email as "admin@aurahr.com"                                 # com.cucumberdemo.steps.LoginSteps.theUserEntersEmailAs(java.lang.String)
  And the user enters password as "admin123"                                      # com.cucumberdemo.steps.LoginSteps.theUserEntersPasswordAs(java.lang.String)
  And the user clicks the Sign In button                                          # com.cucumberdemo.steps.LoginSteps.theUserClicksTheSignInButton()
  Then the user should see the Dashboard page                                     # com.cucumberdemo.steps.LoginSteps.theUserShouldSeeTheDashboardPage()
  When the admin navigates to the "Employees" tab                                 # com.cucumberdemo.steps.LoginSteps.adminNavigatesToTab(java.lang.String)
  And the admin clicks the "Add New Employee" button                              # com.cucumberdemo.steps.LoginSteps.adminClicksButton(java.lang.String)
  And the admin enters the following employee details:                            # com.cucumberdemo.steps.LoginSteps.adminEntersEmployeeDetails(io.cucumber.datatable.DataTable)
    | Name       | Alex Turing            |
    | Email      | alex.turing@aurahr.com |
    | Role       | Software Tester        |
    | Department | Engineering            |
    | Phone      | +1-555-7890            |
  And the admin clicks the "Register Employee" button                             # com.cucumberdemo.steps.LoginSteps.adminClicksButton(java.lang.String)
  Then the new employee "Alex Turing" should be visible in the employees list     # com.cucumberdemo.steps.LoginSteps.theNewEmployeeShouldBeVisibleInTheEmployeesList(java.lang.String)

+----------------------------------------------------------+
|     EXPRESS API VERIFICATION (Postman Equivalent)        |
+----------------------------------------------------------+
|  GET http://localhost:3001/employees                     |
|  Status  : 200 OK                                        |
+----------------------------------------------------------+
|  >>> NEW EMPLOYEE FOUND IN API [PASS] <<<               |
+----------------------------------------------------------+
|  id:1784368078252                                           |
|  name:Alex Turing                                           |
|  email:alex.turing@aurahr.com                               |
|  role:Software Tester                                       |
|  department:Engineering                                     |
|  phone:+1-555-7890                                          |
|  joinedDate:2026-07-18                                      |
|  avatar:https://images.unsplash.com/photo-1535713875002-d1  |
|  status:Active                                              |
+----------------------------------------------------------+

[PASS] Postman Verification: Employee 'alex.turing@aurahr.com'
       is reflected in Express API (http://localhost:3001)
       and saved to db.json!

  And the new employee "alex.turing@aurahr.com" should reflect in the backend API # com.cucumberdemo.steps.LoginSteps.theNewEmployeeShouldReflectInTheBackendApi(java.lang.String)
]]></system-out>
    <system-err><![CDATA[SLF4J(W): No SLF4J providers were found.
SLF4J(W): Defaulting to no-operation (NOP) logger implementation
SLF4J(W): See https://www.slf4j.org/codes.html#noProviders for further details.
Jul 18, 2026 7:48:25 PM org.openqa.selenium.devtools.CdpVersionFinder findNearestMatch
WARNING: Unable to find an exact match for CDP version 150, returning the closest version; found: 149; Please update to a Selenium version that supports CDP version 150
]]></system-err>
  </testcase>
  <testcase name="runScenario[&quot;Employee logs in and has restricted access&quot;, &quot;Employee Management Portal Automation&quot;](2)" classname="com.cucumberdemo.runner.TestRunner" time="29.043">
    <system-out><![CDATA[
@test2
Scenario: Employee logs in and has restricted access       # src/test/resources/features/login.feature:29
  Given the user navigates to the login page               # com.cucumberdemo.steps.LoginSteps.theUserNavigatesToTheLoginPage()
  When the user clicks on the "Employee Portal" card       # com.cucumberdemo.steps.LoginSteps.theUserClicksOnTheCard(java.lang.String)
  And the user enters email as "employee@aurahr.com"       # com.cucumberdemo.steps.LoginSteps.theUserEntersEmailAs(java.lang.String)
  And the user enters password as "employee123"            # com.cucumberdemo.steps.LoginSteps.theUserEntersPasswordAs(java.lang.String)
  And the user clicks the Sign In button                   # com.cucumberdemo.steps.LoginSteps.theUserClicksTheSignInButton()
  Then the user should see the Dashboard page              # com.cucumberdemo.steps.LoginSteps.theUserShouldSeeTheDashboardPage()
  When the employee navigates to the "Employees" tab       # com.cucumberdemo.steps.LoginSteps.employeeNavigatesToTab(java.lang.String)
  Then the "Add New Employee" button should not be visible # com.cucumberdemo.steps.LoginSteps.theButtonShouldNotBeVisible(java.lang.String)
]]></system-out>
    <system-err><![CDATA[Jul 18, 2026 7:49:13 PM org.openqa.selenium.devtools.CdpVersionFinder findNearestMatch
WARNING: Unable to find an exact match for CDP version 150, returning the closest version; found: 149; Please update to a Selenium version that supports CDP version 150
]]></system-err>
  </testcase>
</testsuite>